2024-10-29 10:51:19.317 INFO  org.hibernate.validator.internal.util.Version     :21   [32m                  [0;39m HV000001: Hibernate Validator 8.0.0.Final
2024-10-29 10:51:19.344 INFO  com.ming.train.gatewawy.GatewayApplication        :51   [32m                  [0;39m Starting GatewayApplication using Java 17.0.12 with PID 10432 (D:\java\train\gateway\target\classes started by liming in D:\java\train)
2024-10-29 10:51:19.345 INFO  com.ming.train.gatewawy.GatewayApplication        :630  [32m                  [0;39m No active profile set, falling back to 1 default profile: "default"
2024-10-29 10:51:19.802 INFO  o.springframework.cloud.context.scope.GenericScope:282  [32m                  [0;39m BeanFactory id=390a6740-1f4b-371e-8b32-9ee7183f016d
2024-10-29 10:51:21.081 INFO  org.springframework.cloud.commons.util.InetUtils  :170  [32m                  [0;39m Cannot determine local hostname
2024-10-29 10:51:21.417 INFO  o.s.c.gateway.route.RouteDefinitionRouteLocator   :88   [32m                  [0;39m Loaded RoutePredicateFactory [After]
2024-10-29 10:51:21.417 INFO  o.s.c.gateway.route.RouteDefinitionRouteLocator   :88   [32m                  [0;39m Loaded RoutePredicateFactory [Before]
2024-10-29 10:51:21.418 INFO  o.s.c.gateway.route.RouteDefinitionRouteLocator   :88   [32m                  [0;39m Loaded RoutePredicateFactory [Between]
2024-10-29 10:51:21.418 INFO  o.s.c.gateway.route.RouteDefinitionRouteLocator   :88   [32m                  [0;39m Loaded RoutePredicateFactory [Cookie]
2024-10-29 10:51:21.418 INFO  o.s.c.gateway.route.RouteDefinitionRouteLocator   :88   [32m                  [0;39m Loaded RoutePredicateFactory [Header]
2024-10-29 10:51:21.418 INFO  o.s.c.gateway.route.RouteDefinitionRouteLocator   :88   [32m                  [0;39m Loaded RoutePredicateFactory [Host]
2024-10-29 10:51:21.418 INFO  o.s.c.gateway.route.RouteDefinitionRouteLocator   :88   [32m                  [0;39m Loaded RoutePredicateFactory [Method]
2024-10-29 10:51:21.418 INFO  o.s.c.gateway.route.RouteDefinitionRouteLocator   :88   [32m                  [0;39m Loaded RoutePredicateFactory [Path]
2024-10-29 10:51:21.418 INFO  o.s.c.gateway.route.RouteDefinitionRouteLocator   :88   [32m                  [0;39m Loaded RoutePredicateFactory [Query]
2024-10-29 10:51:21.418 INFO  o.s.c.gateway.route.RouteDefinitionRouteLocator   :88   [32m                  [0;39m Loaded RoutePredicateFactory [ReadBody]
2024-10-29 10:51:21.418 INFO  o.s.c.gateway.route.RouteDefinitionRouteLocator   :88   [32m                  [0;39m Loaded RoutePredicateFactory [RemoteAddr]
2024-10-29 10:51:21.418 INFO  o.s.c.gateway.route.RouteDefinitionRouteLocator   :88   [32m                  [0;39m Loaded RoutePredicateFactory [XForwardedRemoteAddr]
2024-10-29 10:51:21.419 INFO  o.s.c.gateway.route.RouteDefinitionRouteLocator   :88   [32m                  [0;39m Loaded RoutePredicateFactory [Weight]
2024-10-29 10:51:21.419 INFO  o.s.c.gateway.route.RouteDefinitionRouteLocator   :88   [32m                  [0;39m Loaded RoutePredicateFactory [CloudFoundryRouteService]
2024-10-29 10:51:22.554 INFO  org.springframework.cloud.commons.util.InetUtils  :170  [32m                  [0;39m Cannot determine local hostname
2024-10-29 10:51:22.763 INFO  o.s.boot.web.embedded.netty.NettyWebServer        :111  [32m                  [0;39m Netty started on port 8000
2024-10-29 10:51:23.795 INFO  org.springframework.cloud.commons.util.InetUtils  :170  [32m                  [0;39m Cannot determine local hostname
2024-10-29 10:51:24.863 INFO  org.springframework.cloud.commons.util.InetUtils  :170  [32m                  [0;39m Cannot determine local hostname
2024-10-29 10:51:24.971 INFO  com.ming.train.gatewawy.GatewayApplication        :57   [32m                  [0;39m Started GatewayApplication in 7.094 seconds (process running for 7.788)
2024-10-29 10:51:24.980 INFO  com.ming.train.gatewawy.GatewayApplication        :16   [32m                  [0;39m 启动成功！！
2024-10-29 10:51:24.981 INFO  com.ming.train.gatewawy.GatewayApplication        :17   [32m                  [0;39m 网关地址: 	http://127.0.0.1:8000
2024-10-29 11:35:06.295 INFO  org.hibernate.validator.internal.util.Version     :21   [32m                  [0;39m HV000001: Hibernate Validator 8.0.0.Final
2024-10-29 11:35:06.365 INFO  com.ming.train.gatewawy.GatewayApplication        :51   [32m                  [0;39m Starting GatewayApplication using Java 17.0.12 with PID 30880 (D:\java\train\gateway\target\classes started by liming in D:\java\train)
2024-10-29 11:35:06.366 INFO  com.ming.train.gatewawy.GatewayApplication        :630  [32m                  [0;39m No active profile set, falling back to 1 default profile: "default"
2024-10-29 11:35:07.000 INFO  o.springframework.cloud.context.scope.GenericScope:282  [32m                  [0;39m BeanFactory id=390a6740-1f4b-371e-8b32-9ee7183f016d
2024-10-29 11:35:08.535 INFO  org.springframework.cloud.commons.util.InetUtils  :170  [32m                  [0;39m Cannot determine local hostname
2024-10-29 11:35:08.882 INFO  o.s.c.gateway.route.RouteDefinitionRouteLocator   :88   [32m                  [0;39m Loaded RoutePredicateFactory [After]
2024-10-29 11:35:08.882 INFO  o.s.c.gateway.route.RouteDefinitionRouteLocator   :88   [32m                  [0;39m Loaded RoutePredicateFactory [Before]
2024-10-29 11:35:08.883 INFO  o.s.c.gateway.route.RouteDefinitionRouteLocator   :88   [32m                  [0;39m Loaded RoutePredicateFactory [Between]
2024-10-29 11:35:08.883 INFO  o.s.c.gateway.route.RouteDefinitionRouteLocator   :88   [32m                  [0;39m Loaded RoutePredicateFactory [Cookie]
2024-10-29 11:35:08.883 INFO  o.s.c.gateway.route.RouteDefinitionRouteLocator   :88   [32m                  [0;39m Loaded RoutePredicateFactory [Header]
2024-10-29 11:35:08.883 INFO  o.s.c.gateway.route.RouteDefinitionRouteLocator   :88   [32m                  [0;39m Loaded RoutePredicateFactory [Host]
2024-10-29 11:35:08.883 INFO  o.s.c.gateway.route.RouteDefinitionRouteLocator   :88   [32m                  [0;39m Loaded RoutePredicateFactory [Method]
2024-10-29 11:35:08.883 INFO  o.s.c.gateway.route.RouteDefinitionRouteLocator   :88   [32m                  [0;39m Loaded RoutePredicateFactory [Path]
2024-10-29 11:35:08.883 INFO  o.s.c.gateway.route.RouteDefinitionRouteLocator   :88   [32m                  [0;39m Loaded RoutePredicateFactory [Query]
2024-10-29 11:35:08.883 INFO  o.s.c.gateway.route.RouteDefinitionRouteLocator   :88   [32m                  [0;39m Loaded RoutePredicateFactory [ReadBody]
2024-10-29 11:35:08.883 INFO  o.s.c.gateway.route.RouteDefinitionRouteLocator   :88   [32m                  [0;39m Loaded RoutePredicateFactory [RemoteAddr]
2024-10-29 11:35:08.883 INFO  o.s.c.gateway.route.RouteDefinitionRouteLocator   :88   [32m                  [0;39m Loaded RoutePredicateFactory [XForwardedRemoteAddr]
2024-10-29 11:35:08.884 INFO  o.s.c.gateway.route.RouteDefinitionRouteLocator   :88   [32m                  [0;39m Loaded RoutePredicateFactory [Weight]
2024-10-29 11:35:08.884 INFO  o.s.c.gateway.route.RouteDefinitionRouteLocator   :88   [32m                  [0;39m Loaded RoutePredicateFactory [CloudFoundryRouteService]
2024-10-29 11:35:10.045 INFO  org.springframework.cloud.commons.util.InetUtils  :170  [32m                  [0;39m Cannot determine local hostname
2024-10-29 11:35:10.288 INFO  o.s.boot.web.embedded.netty.NettyWebServer        :111  [32m                  [0;39m Netty started on port 8000
2024-10-29 11:35:11.324 INFO  org.springframework.cloud.commons.util.InetUtils  :170  [32m                  [0;39m Cannot determine local hostname
2024-10-29 11:35:12.379 INFO  org.springframework.cloud.commons.util.InetUtils  :170  [32m                  [0;39m Cannot determine local hostname
2024-10-29 11:35:12.450 INFO  com.ming.train.gatewawy.GatewayApplication        :57   [32m                  [0;39m Started GatewayApplication in 7.671 seconds (process running for 8.625)
2024-10-29 11:35:12.454 INFO  com.ming.train.gatewawy.GatewayApplication        :16   [32m                  [0;39m 启动成功！！
2024-10-29 11:35:12.454 INFO  com.ming.train.gatewawy.GatewayApplication        :17   [32m                  [0;39m 网关地址: 	http://127.0.0.1:8000
2024-10-29 11:44:50.793 INFO  org.hibernate.validator.internal.util.Version     :21   [32m                  [0;39m HV000001: Hibernate Validator 8.0.0.Final
2024-10-29 11:44:50.820 INFO  com.ming.train.gatewawy.GatewayApplication        :51   [32m                  [0;39m Starting GatewayApplication using Java 17.0.12 with PID 10800 (D:\java\train\gateway\target\classes started by liming in D:\java\train)
2024-10-29 11:44:50.821 INFO  com.ming.train.gatewawy.GatewayApplication        :630  [32m                  [0;39m No active profile set, falling back to 1 default profile: "default"
2024-10-29 11:44:51.225 INFO  o.springframework.cloud.context.scope.GenericScope:282  [32m                  [0;39m BeanFactory id=390a6740-1f4b-371e-8b32-9ee7183f016d
2024-10-29 11:44:52.451 INFO  org.springframework.cloud.commons.util.InetUtils  :170  [32m                  [0;39m Cannot determine local hostname
2024-10-29 11:44:52.709 INFO  o.s.c.gateway.route.RouteDefinitionRouteLocator   :88   [32m                  [0;39m Loaded RoutePredicateFactory [After]
2024-10-29 11:44:52.710 INFO  o.s.c.gateway.route.RouteDefinitionRouteLocator   :88   [32m                  [0;39m Loaded RoutePredicateFactory [Before]
2024-10-29 11:44:52.710 INFO  o.s.c.gateway.route.RouteDefinitionRouteLocator   :88   [32m                  [0;39m Loaded RoutePredicateFactory [Between]
2024-10-29 11:44:52.710 INFO  o.s.c.gateway.route.RouteDefinitionRouteLocator   :88   [32m                  [0;39m Loaded RoutePredicateFactory [Cookie]
2024-10-29 11:44:52.710 INFO  o.s.c.gateway.route.RouteDefinitionRouteLocator   :88   [32m                  [0;39m Loaded RoutePredicateFactory [Header]
2024-10-29 11:44:52.710 INFO  o.s.c.gateway.route.RouteDefinitionRouteLocator   :88   [32m                  [0;39m Loaded RoutePredicateFactory [Host]
2024-10-29 11:44:52.710 INFO  o.s.c.gateway.route.RouteDefinitionRouteLocator   :88   [32m                  [0;39m Loaded RoutePredicateFactory [Method]
2024-10-29 11:44:52.711 INFO  o.s.c.gateway.route.RouteDefinitionRouteLocator   :88   [32m                  [0;39m Loaded RoutePredicateFactory [Path]
2024-10-29 11:44:52.711 INFO  o.s.c.gateway.route.RouteDefinitionRouteLocator   :88   [32m                  [0;39m Loaded RoutePredicateFactory [Query]
2024-10-29 11:44:52.711 INFO  o.s.c.gateway.route.RouteDefinitionRouteLocator   :88   [32m                  [0;39m Loaded RoutePredicateFactory [ReadBody]
2024-10-29 11:44:52.711 INFO  o.s.c.gateway.route.RouteDefinitionRouteLocator   :88   [32m                  [0;39m Loaded RoutePredicateFactory [RemoteAddr]
2024-10-29 11:44:52.711 INFO  o.s.c.gateway.route.RouteDefinitionRouteLocator   :88   [32m                  [0;39m Loaded RoutePredicateFactory [XForwardedRemoteAddr]
2024-10-29 11:44:52.711 INFO  o.s.c.gateway.route.RouteDefinitionRouteLocator   :88   [32m                  [0;39m Loaded RoutePredicateFactory [Weight]
2024-10-29 11:44:52.711 INFO  o.s.c.gateway.route.RouteDefinitionRouteLocator   :88   [32m                  [0;39m Loaded RoutePredicateFactory [CloudFoundryRouteService]
2024-10-29 11:44:53.843 INFO  org.springframework.cloud.commons.util.InetUtils  :170  [32m                  [0;39m Cannot determine local hostname
2024-10-29 11:44:53.985 INFO  o.s.boot.web.embedded.netty.NettyWebServer        :111  [32m                  [0;39m Netty started on port 8000
2024-10-29 11:44:55.019 INFO  org.springframework.cloud.commons.util.InetUtils  :170  [32m                  [0;39m Cannot determine local hostname
2024-10-29 11:44:56.103 INFO  org.springframework.cloud.commons.util.InetUtils  :170  [32m                  [0;39m Cannot determine local hostname
2024-10-29 11:44:56.131 INFO  com.ming.train.gatewawy.GatewayApplication        :57   [32m                  [0;39m Started GatewayApplication in 6.757 seconds (process running for 7.158)
2024-10-29 11:44:56.133 INFO  com.ming.train.gatewawy.GatewayApplication        :16   [32m                  [0;39m 启动成功！！
2024-10-29 11:44:56.135 INFO  com.ming.train.gatewawy.GatewayApplication        :17   [32m                  [0;39m 网关地址: 	http://127.0.0.1:8000
2024-10-29 11:47:43.122 INFO  reactor.netty.http.server.AccessLog               :279  [32m                  [0;39m 127.0.0.1 - - [29/10月/2024:11:47:42 +0800] "GET /member/member/register?wsfw HTTP/1.1" 405 4948 264
2024-10-29 11:50:01.063 INFO  reactor.netty.http.server.AccessLog               :279  [32m                  [0;39m 127.0.0.1 - - [29/10月/2024:11:50:01 +0800] "GET /member/hello HTTP/1.1" 200 5 12
2024-10-29 11:52:50.044 INFO  reactor.netty.http.server.AccessLog               :279  [32m                  [0;39m 127.0.0.1 - - [29/10月/2024:11:52:49 +0800] "POST /member/member/register?wsfw HTTP/1.1" 200 13 272
2024-10-29 11:58:42.146 INFO  org.hibernate.validator.internal.util.Version     :21   [32m                  [0;39m HV000001: Hibernate Validator 8.0.0.Final
2024-10-29 11:58:42.174 INFO  com.ming.train.gatewawy.GatewayApplication        :51   [32m                  [0;39m Starting GatewayApplication using Java 17.0.12 with PID 10640 (D:\java\train\gateway\target\classes started by liming in D:\java\train)
2024-10-29 11:58:42.174 INFO  com.ming.train.gatewawy.GatewayApplication        :630  [32m                  [0;39m No active profile set, falling back to 1 default profile: "default"
2024-10-29 11:58:42.696 INFO  o.springframework.cloud.context.scope.GenericScope:282  [32m                  [0;39m BeanFactory id=390a6740-1f4b-371e-8b32-9ee7183f016d
2024-10-29 11:58:44.001 INFO  org.springframework.cloud.commons.util.InetUtils  :170  [32m                  [0;39m Cannot determine local hostname
2024-10-29 11:58:44.290 INFO  o.s.c.gateway.route.RouteDefinitionRouteLocator   :88   [32m                  [0;39m Loaded RoutePredicateFactory [After]
2024-10-29 11:58:44.290 INFO  o.s.c.gateway.route.RouteDefinitionRouteLocator   :88   [32m                  [0;39m Loaded RoutePredicateFactory [Before]
2024-10-29 11:58:44.291 INFO  o.s.c.gateway.route.RouteDefinitionRouteLocator   :88   [32m                  [0;39m Loaded RoutePredicateFactory [Between]
2024-10-29 11:58:44.291 INFO  o.s.c.gateway.route.RouteDefinitionRouteLocator   :88   [32m                  [0;39m Loaded RoutePredicateFactory [Cookie]
2024-10-29 11:58:44.291 INFO  o.s.c.gateway.route.RouteDefinitionRouteLocator   :88   [32m                  [0;39m Loaded RoutePredicateFactory [Header]
2024-10-29 11:58:44.291 INFO  o.s.c.gateway.route.RouteDefinitionRouteLocator   :88   [32m                  [0;39m Loaded RoutePredicateFactory [Host]
2024-10-29 11:58:44.291 INFO  o.s.c.gateway.route.RouteDefinitionRouteLocator   :88   [32m                  [0;39m Loaded RoutePredicateFactory [Method]
2024-10-29 11:58:44.291 INFO  o.s.c.gateway.route.RouteDefinitionRouteLocator   :88   [32m                  [0;39m Loaded RoutePredicateFactory [Path]
2024-10-29 11:58:44.291 INFO  o.s.c.gateway.route.RouteDefinitionRouteLocator   :88   [32m                  [0;39m Loaded RoutePredicateFactory [Query]
2024-10-29 11:58:44.291 INFO  o.s.c.gateway.route.RouteDefinitionRouteLocator   :88   [32m                  [0;39m Loaded RoutePredicateFactory [ReadBody]
2024-10-29 11:58:44.291 INFO  o.s.c.gateway.route.RouteDefinitionRouteLocator   :88   [32m                  [0;39m Loaded RoutePredicateFactory [RemoteAddr]
2024-10-29 11:58:44.291 INFO  o.s.c.gateway.route.RouteDefinitionRouteLocator   :88   [32m                  [0;39m Loaded RoutePredicateFactory [XForwardedRemoteAddr]
2024-10-29 11:58:44.291 INFO  o.s.c.gateway.route.RouteDefinitionRouteLocator   :88   [32m                  [0;39m Loaded RoutePredicateFactory [Weight]
2024-10-29 11:58:44.292 INFO  o.s.c.gateway.route.RouteDefinitionRouteLocator   :88   [32m                  [0;39m Loaded RoutePredicateFactory [CloudFoundryRouteService]
2024-10-29 11:58:45.439 INFO  org.springframework.cloud.commons.util.InetUtils  :170  [32m                  [0;39m Cannot determine local hostname
2024-10-29 11:58:45.652 INFO  o.s.boot.web.embedded.netty.NettyWebServer        :111  [32m                  [0;39m Netty started on port 8000
2024-10-29 11:58:46.683 INFO  org.springframework.cloud.commons.util.InetUtils  :170  [32m                  [0;39m Cannot determine local hostname
2024-10-29 11:58:47.715 INFO  org.springframework.cloud.commons.util.InetUtils  :170  [32m                  [0;39m Cannot determine local hostname
2024-10-29 11:58:47.802 INFO  com.ming.train.gatewawy.GatewayApplication        :57   [32m                  [0;39m Started GatewayApplication in 7.133 seconds (process running for 7.908)
2024-10-29 11:58:47.804 INFO  com.ming.train.gatewawy.GatewayApplication        :16   [32m                  [0;39m 启动成功！！
2024-10-29 11:58:47.804 INFO  com.ming.train.gatewawy.GatewayApplication        :17   [32m                  [0;39m 网关地址: 	http://127.0.0.1:8000
2024-10-29 11:59:02.167 INFO  reactor.netty.http.server.AccessLog               :279  [32m                  [0;39m 127.0.0.1 - - [29/10月/2024:11:59:01 +0800] "POST /member/member/register?wsfw HTTP/1.1" 500 8514 357
2024-10-29 12:00:29.299 INFO  reactor.netty.http.server.AccessLog               :279  [32m                  [0;39m 127.0.0.1 - - [29/10月/2024:12:00:29 +0800] "POST /member/member/register HTTP/1.1" 500 8514 26
2024-10-29 12:00:51.237 INFO  reactor.netty.http.server.AccessLog               :279  [32m                  [0;39m 127.0.0.1 - - [29/10月/2024:12:00:50 +0800] "GET /member/member/count HTTP/1.1" 200 1 395
2024-10-29 12:01:28.939 INFO  reactor.netty.http.server.AccessLog               :279  [32m                  [0;39m 127.0.0.1 - - [29/10月/2024:12:01:28 +0800] "POST /member/member/register HTTP/1.1" 500 8514 15
2024-10-29 12:02:04.185 INFO  reactor.netty.http.server.AccessLog               :279  [32m                  [0;39m 127.0.0.1 - - [29/10月/2024:12:02:04 +0800] "POST /member/member/register HTTP/1.1" 500 8514 11
2024-10-29 12:02:18.840 INFO  reactor.netty.http.server.AccessLog               :279  [32m                  [0;39m 127.0.0.1 - - [29/10月/2024:12:02:18 +0800] "POST /member/member/register?mobile=wsfw HTTP/1.1" 500 8514 9
2024-10-29 12:02:48.664 INFO  reactor.netty.http.server.AccessLog               :279  [32m                  [0;39m 127.0.0.1 - - [29/10月/2024:12:02:48 +0800] "POST /member/member/register HTTP/1.1" 500 8514 12
2024-10-29 12:03:30.801 INFO  org.hibernate.validator.internal.util.Version     :21   [32m                  [0;39m HV000001: Hibernate Validator 8.0.0.Final
2024-10-29 12:03:30.828 INFO  com.ming.train.gatewawy.GatewayApplication        :51   [32m                  [0;39m Starting GatewayApplication using Java 17.0.12 with PID 11052 (D:\java\train\gateway\target\classes started by liming in D:\java\train)
2024-10-29 12:03:30.829 INFO  com.ming.train.gatewawy.GatewayApplication        :630  [32m                  [0;39m No active profile set, falling back to 1 default profile: "default"
2024-10-29 12:03:31.231 INFO  o.springframework.cloud.context.scope.GenericScope:282  [32m                  [0;39m BeanFactory id=390a6740-1f4b-371e-8b32-9ee7183f016d
2024-10-29 12:03:32.491 INFO  org.springframework.cloud.commons.util.InetUtils  :170  [32m                  [0;39m Cannot determine local hostname
2024-10-29 12:03:32.757 INFO  o.s.c.gateway.route.RouteDefinitionRouteLocator   :88   [32m                  [0;39m Loaded RoutePredicateFactory [After]
2024-10-29 12:03:32.758 INFO  o.s.c.gateway.route.RouteDefinitionRouteLocator   :88   [32m                  [0;39m Loaded RoutePredicateFactory [Before]
2024-10-29 12:03:32.758 INFO  o.s.c.gateway.route.RouteDefinitionRouteLocator   :88   [32m                  [0;39m Loaded RoutePredicateFactory [Between]
2024-10-29 12:03:32.758 INFO  o.s.c.gateway.route.RouteDefinitionRouteLocator   :88   [32m                  [0;39m Loaded RoutePredicateFactory [Cookie]
2024-10-29 12:03:32.758 INFO  o.s.c.gateway.route.RouteDefinitionRouteLocator   :88   [32m                  [0;39m Loaded RoutePredicateFactory [Header]
2024-10-29 12:03:32.758 INFO  o.s.c.gateway.route.RouteDefinitionRouteLocator   :88   [32m                  [0;39m Loaded RoutePredicateFactory [Host]
2024-10-29 12:03:32.758 INFO  o.s.c.gateway.route.RouteDefinitionRouteLocator   :88   [32m                  [0;39m Loaded RoutePredicateFactory [Method]
2024-10-29 12:03:32.758 INFO  o.s.c.gateway.route.RouteDefinitionRouteLocator   :88   [32m                  [0;39m Loaded RoutePredicateFactory [Path]
2024-10-29 12:03:32.758 INFO  o.s.c.gateway.route.RouteDefinitionRouteLocator   :88   [32m                  [0;39m Loaded RoutePredicateFactory [Query]
2024-10-29 12:03:32.758 INFO  o.s.c.gateway.route.RouteDefinitionRouteLocator   :88   [32m                  [0;39m Loaded RoutePredicateFactory [ReadBody]
2024-10-29 12:03:32.759 INFO  o.s.c.gateway.route.RouteDefinitionRouteLocator   :88   [32m                  [0;39m Loaded RoutePredicateFactory [RemoteAddr]
2024-10-29 12:03:32.759 INFO  o.s.c.gateway.route.RouteDefinitionRouteLocator   :88   [32m                  [0;39m Loaded RoutePredicateFactory [XForwardedRemoteAddr]
2024-10-29 12:03:32.759 INFO  o.s.c.gateway.route.RouteDefinitionRouteLocator   :88   [32m                  [0;39m Loaded RoutePredicateFactory [Weight]
2024-10-29 12:03:32.759 INFO  o.s.c.gateway.route.RouteDefinitionRouteLocator   :88   [32m                  [0;39m Loaded RoutePredicateFactory [CloudFoundryRouteService]
2024-10-29 12:03:33.900 INFO  org.springframework.cloud.commons.util.InetUtils  :170  [32m                  [0;39m Cannot determine local hostname
2024-10-29 12:03:34.080 INFO  o.s.boot.web.embedded.netty.NettyWebServer        :111  [32m                  [0;39m Netty started on port 8000
2024-10-29 12:03:35.124 INFO  org.springframework.cloud.commons.util.InetUtils  :170  [32m                  [0;39m Cannot determine local hostname
2024-10-29 12:03:36.161 INFO  org.springframework.cloud.commons.util.InetUtils  :170  [32m                  [0;39m Cannot determine local hostname
2024-10-29 12:03:36.197 INFO  com.ming.train.gatewawy.GatewayApplication        :57   [32m                  [0;39m Started GatewayApplication in 6.808 seconds (process running for 7.256)
2024-10-29 12:03:36.200 INFO  com.ming.train.gatewawy.GatewayApplication        :16   [32m                  [0;39m 启动成功！！
2024-10-29 12:03:36.200 INFO  com.ming.train.gatewawy.GatewayApplication        :17   [32m                  [0;39m 网关地址: 	http://127.0.0.1:8000
2024-10-29 12:03:51.981 INFO  reactor.netty.http.server.AccessLog               :279  [32m                  [0;39m 127.0.0.1 - - [29/10月/2024:12:03:51 +0800] "GET /member/member/count HTTP/1.1" 200 1 584
2024-10-29 12:04:15.920 INFO  reactor.netty.http.server.AccessLog               :279  [32m                  [0;39m 127.0.0.1 - - [29/10月/2024:12:04:15 +0800] "POST /member/member/register HTTP/1.1" 500 8514 54
2024-10-29 12:05:12.328 INFO  reactor.netty.http.server.AccessLog               :279  [32m                  [0;39m 127.0.0.1 - - [29/10月/2024:12:05:12 +0800] "POST /member/member/register HTTP/1.1" 500 8514 11
2024-10-29 12:06:26.234 INFO  reactor.netty.http.server.AccessLog               :279  [32m                  [0;39m 127.0.0.1 - - [29/10月/2024:12:06:25 +0800] "POST /member/member/register HTTP/1.1" 200 13 503
2024-10-29 12:06:29.349 INFO  reactor.netty.http.server.AccessLog               :279  [32m                  [0;39m 127.0.0.1 - - [29/10月/2024:12:06:29 +0800] "POST /member/member/register HTTP/1.1" 500 8172 42
2024-10-29 18:23:26.196 INFO  org.hibernate.validator.internal.util.Version     :21   [32m                  [0;39m HV000001: Hibernate Validator 8.0.0.Final
2024-10-29 18:23:26.243 INFO  com.ming.train.gatewawy.GatewayApplication        :51   [32m                  [0;39m Starting GatewayApplication using Java 17.0.12 with PID 12012 (D:\java\train\gateway\target\classes started by liming in D:\java\train)
2024-10-29 18:23:26.244 INFO  com.ming.train.gatewawy.GatewayApplication        :630  [32m                  [0;39m No active profile set, falling back to 1 default profile: "default"
2024-10-29 18:23:26.853 INFO  o.springframework.cloud.context.scope.GenericScope:282  [32m                  [0;39m BeanFactory id=390a6740-1f4b-371e-8b32-9ee7183f016d
2024-10-29 18:23:28.182 INFO  org.springframework.cloud.commons.util.InetUtils  :170  [32m                  [0;39m Cannot determine local hostname
2024-10-29 18:23:28.492 INFO  o.s.c.gateway.route.RouteDefinitionRouteLocator   :88   [32m                  [0;39m Loaded RoutePredicateFactory [After]
2024-10-29 18:23:28.492 INFO  o.s.c.gateway.route.RouteDefinitionRouteLocator   :88   [32m                  [0;39m Loaded RoutePredicateFactory [Before]
2024-10-29 18:23:28.492 INFO  o.s.c.gateway.route.RouteDefinitionRouteLocator   :88   [32m                  [0;39m Loaded RoutePredicateFactory [Between]
2024-10-29 18:23:28.492 INFO  o.s.c.gateway.route.RouteDefinitionRouteLocator   :88   [32m                  [0;39m Loaded RoutePredicateFactory [Cookie]
2024-10-29 18:23:28.492 INFO  o.s.c.gateway.route.RouteDefinitionRouteLocator   :88   [32m                  [0;39m Loaded RoutePredicateFactory [Header]
2024-10-29 18:23:28.492 INFO  o.s.c.gateway.route.RouteDefinitionRouteLocator   :88   [32m                  [0;39m Loaded RoutePredicateFactory [Host]
2024-10-29 18:23:28.492 INFO  o.s.c.gateway.route.RouteDefinitionRouteLocator   :88   [32m                  [0;39m Loaded RoutePredicateFactory [Method]
2024-10-29 18:23:28.492 INFO  o.s.c.gateway.route.RouteDefinitionRouteLocator   :88   [32m                  [0;39m Loaded RoutePredicateFactory [Path]
2024-10-29 18:23:28.494 INFO  o.s.c.gateway.route.RouteDefinitionRouteLocator   :88   [32m                  [0;39m Loaded RoutePredicateFactory [Query]
2024-10-29 18:23:28.494 INFO  o.s.c.gateway.route.RouteDefinitionRouteLocator   :88   [32m                  [0;39m Loaded RoutePredicateFactory [ReadBody]
2024-10-29 18:23:28.494 INFO  o.s.c.gateway.route.RouteDefinitionRouteLocator   :88   [32m                  [0;39m Loaded RoutePredicateFactory [RemoteAddr]
2024-10-29 18:23:28.494 INFO  o.s.c.gateway.route.RouteDefinitionRouteLocator   :88   [32m                  [0;39m Loaded RoutePredicateFactory [XForwardedRemoteAddr]
2024-10-29 18:23:28.494 INFO  o.s.c.gateway.route.RouteDefinitionRouteLocator   :88   [32m                  [0;39m Loaded RoutePredicateFactory [Weight]
2024-10-29 18:23:28.494 INFO  o.s.c.gateway.route.RouteDefinitionRouteLocator   :88   [32m                  [0;39m Loaded RoutePredicateFactory [CloudFoundryRouteService]
2024-10-29 18:23:29.665 INFO  org.springframework.cloud.commons.util.InetUtils  :170  [32m                  [0;39m Cannot determine local hostname
2024-10-29 18:23:29.849 INFO  o.s.boot.web.embedded.netty.NettyWebServer        :111  [32m                  [0;39m Netty started on port 8000
2024-10-29 18:23:30.898 INFO  org.springframework.cloud.commons.util.InetUtils  :170  [32m                  [0;39m Cannot determine local hostname
2024-10-29 18:23:31.935 INFO  org.springframework.cloud.commons.util.InetUtils  :170  [32m                  [0;39m Cannot determine local hostname
2024-10-29 18:23:31.988 INFO  com.ming.train.gatewawy.GatewayApplication        :57   [32m                  [0;39m Started GatewayApplication in 7.335 seconds (process running for 8.86)
2024-10-29 18:23:31.994 INFO  com.ming.train.gatewawy.GatewayApplication        :16   [32m                  [0;39m 启动成功！！
2024-10-29 18:23:31.995 INFO  com.ming.train.gatewawy.GatewayApplication        :17   [32m                  [0;39m 网关地址: 	http://127.0.0.1:8000
2024-10-29 18:24:07.208 INFO  reactor.netty.http.server.AccessLog               :279  [32m                  [0;39m 127.0.0.1 - - [29/10月/2024:18:24:06 +0800] "POST /member/member/register HTTP/1.1" 500 8172 896
2024-10-29 18:24:09.723 INFO  reactor.netty.http.server.AccessLog               :279  [32m                  [0;39m 127.0.0.1 - - [29/10月/2024:18:24:09 +0800] "GET /member/member/count HTTP/1.1" 200 1 21
2024-10-29 18:39:42.534 INFO  org.hibernate.validator.internal.util.Version     :21   [32m                  [0;39m HV000001: Hibernate Validator 8.0.0.Final
2024-10-29 18:39:42.562 INFO  com.ming.train.gatewawy.GatewayApplication        :51   [32m                  [0;39m Starting GatewayApplication using Java 17.0.12 with PID 18080 (D:\java\train\gateway\target\classes started by liming in D:\java\train)
2024-10-29 18:39:42.562 INFO  com.ming.train.gatewawy.GatewayApplication        :630  [32m                  [0;39m No active profile set, falling back to 1 default profile: "default"
2024-10-29 18:39:43.013 INFO  o.springframework.cloud.context.scope.GenericScope:282  [32m                  [0;39m BeanFactory id=390a6740-1f4b-371e-8b32-9ee7183f016d
2024-10-29 18:39:44.289 INFO  org.springframework.cloud.commons.util.InetUtils  :170  [32m                  [0;39m Cannot determine local hostname
2024-10-29 18:39:44.582 INFO  o.s.c.gateway.route.RouteDefinitionRouteLocator   :88   [32m                  [0;39m Loaded RoutePredicateFactory [After]
2024-10-29 18:39:44.582 INFO  o.s.c.gateway.route.RouteDefinitionRouteLocator   :88   [32m                  [0;39m Loaded RoutePredicateFactory [Before]
2024-10-29 18:39:44.583 INFO  o.s.c.gateway.route.RouteDefinitionRouteLocator   :88   [32m                  [0;39m Loaded RoutePredicateFactory [Between]
2024-10-29 18:39:44.583 INFO  o.s.c.gateway.route.RouteDefinitionRouteLocator   :88   [32m                  [0;39m Loaded RoutePredicateFactory [Cookie]
2024-10-29 18:39:44.583 INFO  o.s.c.gateway.route.RouteDefinitionRouteLocator   :88   [32m                  [0;39m Loaded RoutePredicateFactory [Header]
2024-10-29 18:39:44.583 INFO  o.s.c.gateway.route.RouteDefinitionRouteLocator   :88   [32m                  [0;39m Loaded RoutePredicateFactory [Host]
2024-10-29 18:39:44.583 INFO  o.s.c.gateway.route.RouteDefinitionRouteLocator   :88   [32m                  [0;39m Loaded RoutePredicateFactory [Method]
2024-10-29 18:39:44.583 INFO  o.s.c.gateway.route.RouteDefinitionRouteLocator   :88   [32m                  [0;39m Loaded RoutePredicateFactory [Path]
2024-10-29 18:39:44.583 INFO  o.s.c.gateway.route.RouteDefinitionRouteLocator   :88   [32m                  [0;39m Loaded RoutePredicateFactory [Query]
2024-10-29 18:39:44.584 INFO  o.s.c.gateway.route.RouteDefinitionRouteLocator   :88   [32m                  [0;39m Loaded RoutePredicateFactory [ReadBody]
2024-10-29 18:39:44.584 INFO  o.s.c.gateway.route.RouteDefinitionRouteLocator   :88   [32m                  [0;39m Loaded RoutePredicateFactory [RemoteAddr]
2024-10-29 18:39:44.584 INFO  o.s.c.gateway.route.RouteDefinitionRouteLocator   :88   [32m                  [0;39m Loaded RoutePredicateFactory [XForwardedRemoteAddr]
2024-10-29 18:39:44.584 INFO  o.s.c.gateway.route.RouteDefinitionRouteLocator   :88   [32m                  [0;39m Loaded RoutePredicateFactory [Weight]
2024-10-29 18:39:44.584 INFO  o.s.c.gateway.route.RouteDefinitionRouteLocator   :88   [32m                  [0;39m Loaded RoutePredicateFactory [CloudFoundryRouteService]
2024-10-29 18:39:45.740 INFO  org.springframework.cloud.commons.util.InetUtils  :170  [32m                  [0;39m Cannot determine local hostname
2024-10-29 18:39:45.971 INFO  o.s.boot.web.embedded.netty.NettyWebServer        :111  [32m                  [0;39m Netty started on port 8000
2024-10-29 18:39:47.011 INFO  org.springframework.cloud.commons.util.InetUtils  :170  [32m                  [0;39m Cannot determine local hostname
2024-10-29 18:39:48.090 INFO  org.springframework.cloud.commons.util.InetUtils  :170  [32m                  [0;39m Cannot determine local hostname
2024-10-29 18:39:48.156 INFO  com.ming.train.gatewawy.GatewayApplication        :57   [32m                  [0;39m Started GatewayApplication in 7.123 seconds (process running for 7.732)
2024-10-29 18:39:48.158 INFO  com.ming.train.gatewawy.GatewayApplication        :16   [32m                  [0;39m 启动成功！！
2024-10-29 18:39:48.158 INFO  com.ming.train.gatewawy.GatewayApplication        :17   [32m                  [0;39m 网关地址: 	http://127.0.0.1:8000
2024-10-29 18:40:21.382 INFO  reactor.netty.http.server.AccessLog               :279  [32m                  [0;39m 127.0.0.1 - - [29/10月/2024:18:40:20 +0800] "GET /member/member/count HTTP/1.1" 200 43 768
2024-10-29 18:40:33.095 INFO  reactor.netty.http.server.AccessLog               :279  [32m                  [0;39m 127.0.0.1 - - [29/10月/2024:18:40:32 +0800] "POST /member/member/register HTTP/1.1" 200 55 164
2024-10-29 18:58:23.510 INFO  org.hibernate.validator.internal.util.Version     :21   [32m                  [0;39m HV000001: Hibernate Validator 8.0.0.Final
2024-10-29 18:58:23.563 INFO  com.ming.train.gatewawy.GatewayApplication        :51   [32m                  [0;39m Starting GatewayApplication using Java 17.0.12 with PID 17156 (D:\java\train\gateway\target\classes started by liming in D:\java\train)
2024-10-29 18:58:23.563 INFO  com.ming.train.gatewawy.GatewayApplication        :630  [32m                  [0;39m No active profile set, falling back to 1 default profile: "default"
2024-10-29 18:58:24.170 INFO  o.springframework.cloud.context.scope.GenericScope:282  [32m                  [0;39m BeanFactory id=390a6740-1f4b-371e-8b32-9ee7183f016d
2024-10-29 18:58:25.511 INFO  org.springframework.cloud.commons.util.InetUtils  :170  [32m                  [0;39m Cannot determine local hostname
2024-10-29 18:58:25.843 INFO  o.s.c.gateway.route.RouteDefinitionRouteLocator   :88   [32m                  [0;39m Loaded RoutePredicateFactory [After]
2024-10-29 18:58:25.843 INFO  o.s.c.gateway.route.RouteDefinitionRouteLocator   :88   [32m                  [0;39m Loaded RoutePredicateFactory [Before]
2024-10-29 18:58:25.844 INFO  o.s.c.gateway.route.RouteDefinitionRouteLocator   :88   [32m                  [0;39m Loaded RoutePredicateFactory [Between]
2024-10-29 18:58:25.844 INFO  o.s.c.gateway.route.RouteDefinitionRouteLocator   :88   [32m                  [0;39m Loaded RoutePredicateFactory [Cookie]
2024-10-29 18:58:25.844 INFO  o.s.c.gateway.route.RouteDefinitionRouteLocator   :88   [32m                  [0;39m Loaded RoutePredicateFactory [Header]
2024-10-29 18:58:25.844 INFO  o.s.c.gateway.route.RouteDefinitionRouteLocator   :88   [32m                  [0;39m Loaded RoutePredicateFactory [Host]
2024-10-29 18:58:25.844 INFO  o.s.c.gateway.route.RouteDefinitionRouteLocator   :88   [32m                  [0;39m Loaded RoutePredicateFactory [Method]
2024-10-29 18:58:25.844 INFO  o.s.c.gateway.route.RouteDefinitionRouteLocator   :88   [32m                  [0;39m Loaded RoutePredicateFactory [Path]
2024-10-29 18:58:25.844 INFO  o.s.c.gateway.route.RouteDefinitionRouteLocator   :88   [32m                  [0;39m Loaded RoutePredicateFactory [Query]
2024-10-29 18:58:25.844 INFO  o.s.c.gateway.route.RouteDefinitionRouteLocator   :88   [32m                  [0;39m Loaded RoutePredicateFactory [ReadBody]
2024-10-29 18:58:25.844 INFO  o.s.c.gateway.route.RouteDefinitionRouteLocator   :88   [32m                  [0;39m Loaded RoutePredicateFactory [RemoteAddr]
2024-10-29 18:58:25.844 INFO  o.s.c.gateway.route.RouteDefinitionRouteLocator   :88   [32m                  [0;39m Loaded RoutePredicateFactory [XForwardedRemoteAddr]
2024-10-29 18:58:25.845 INFO  o.s.c.gateway.route.RouteDefinitionRouteLocator   :88   [32m                  [0;39m Loaded RoutePredicateFactory [Weight]
2024-10-29 18:58:25.845 INFO  o.s.c.gateway.route.RouteDefinitionRouteLocator   :88   [32m                  [0;39m Loaded RoutePredicateFactory [CloudFoundryRouteService]
2024-10-29 18:58:27.015 INFO  org.springframework.cloud.commons.util.InetUtils  :170  [32m                  [0;39m Cannot determine local hostname
2024-10-29 18:58:27.260 INFO  o.s.boot.web.embedded.netty.NettyWebServer        :111  [32m                  [0;39m Netty started on port 8000
2024-10-29 18:58:28.300 INFO  org.springframework.cloud.commons.util.InetUtils  :170  [32m                  [0;39m Cannot determine local hostname
2024-10-29 18:58:29.355 INFO  org.springframework.cloud.commons.util.InetUtils  :170  [32m                  [0;39m Cannot determine local hostname
2024-10-29 18:58:29.429 INFO  com.ming.train.gatewawy.GatewayApplication        :57   [32m                  [0;39m Started GatewayApplication in 7.41 seconds (process running for 8.34)
2024-10-29 18:58:29.431 INFO  com.ming.train.gatewawy.GatewayApplication        :16   [32m                  [0;39m 启动成功！！
2024-10-29 18:58:29.431 INFO  com.ming.train.gatewawy.GatewayApplication        :17   [32m                  [0;39m 网关地址: 	http://127.0.0.1:8000
2024-10-29 18:58:55.080 INFO  reactor.netty.http.server.AccessLog               :279  [32m                  [0;39m 127.0.0.1 - - [29/10月/2024:18:58:54 +0800] "POST /member/member/register HTTP/1.1" 200 63 721
2024-10-29 18:59:04.761 INFO  reactor.netty.http.server.AccessLog               :279  [32m                  [0;39m 127.0.0.1 - - [29/10月/2024:18:59:04 +0800] "POST /member/member/register HTTP/1.1" 200 55 76
2024-10-29 18:59:07.404 INFO  reactor.netty.http.server.AccessLog               :279  [32m                  [0;39m 127.0.0.1 - - [29/10月/2024:18:59:07 +0800] "POST /member/member/register HTTP/1.1" 200 63 15
2024-10-29 19:00:00.314 ERROR o.s.b.a.w.r.error.AbstractErrorWebExceptionHandler:102  [32m                  [0;39m [7e5c54ef-4]  500 Server Error for HTTP POST "/member/member/register"
io.netty.channel.AbstractChannel$AnnotatedConnectException: Connection refused: getsockopt: /127.0.0.1:8001
	Suppressed: reactor.core.publisher.FluxOnAssembly$OnAssemblyException: 
Error has been observed at the following site(s):
	*__checkpoint ⇢ org.springframework.cloud.gateway.filter.WeightCalculatorWebFilter [DefaultWebFilterChain]
	*__checkpoint ⇢ HTTP POST "/member/member/register" [ExceptionHandlingWebHandler]
Original Stack Trace:
Caused by: java.net.ConnectException: Connection refused: getsockopt
	at java.base/sun.nio.ch.Net.pollConnect(Native Method)
	at java.base/sun.nio.ch.Net.pollConnectNow(Net.java:672)
	at java.base/sun.nio.ch.SocketChannelImpl.finishConnect(SocketChannelImpl.java:946)
	at io.netty.channel.socket.nio.NioSocketChannel.doFinishConnect(NioSocketChannel.java:337)
	at io.netty.channel.nio.AbstractNioChannel$AbstractNioUnsafe.finishConnect(AbstractNioChannel.java:334)
	at io.netty.channel.nio.NioEventLoop.processSelectedKey(NioEventLoop.java:776)
	at io.netty.channel.nio.NioEventLoop.processSelectedKeysOptimized(NioEventLoop.java:724)
	at io.netty.channel.nio.NioEventLoop.processSelectedKeys(NioEventLoop.java:650)
	at io.netty.channel.nio.NioEventLoop.run(NioEventLoop.java:562)
	at io.netty.util.concurrent.SingleThreadEventExecutor$4.run(SingleThreadEventExecutor.java:997)
	at io.netty.util.internal.ThreadExecutorMap$2.run(ThreadExecutorMap.java:74)
	at io.netty.util.concurrent.FastThreadLocalRunnable.run(FastThreadLocalRunnable.java:30)
	at java.base/java.lang.Thread.run(Thread.java:840)
2024-10-29 19:00:00.370 INFO  reactor.netty.http.server.AccessLog               :279  [32m                  [0;39m 127.0.0.1 - - [29/10月/2024:19:00:00 +0800] "POST /member/member/register HTTP/1.1" 500 148 86
2024-10-29 19:00:33.036 INFO  reactor.netty.http.server.AccessLog               :279  [32m                  [0;39m 127.0.0.1 - - [29/10月/2024:19:00:32 +0800] "POST /member/member/register HTTP/1.1" 200 63 37
2024-10-29 19:00:39.501 INFO  reactor.netty.http.server.AccessLog               :279  [32m                  [0;39m 127.0.0.1 - - [29/10月/2024:19:00:39 +0800] "POST /member/member/register HTTP/1.1" 200 43 92
2024-10-29 19:00:55.051 INFO  org.hibernate.validator.internal.util.Version     :21   [32m                  [0;39m HV000001: Hibernate Validator 8.0.0.Final
2024-10-29 19:00:55.079 INFO  com.ming.train.gatewawy.GatewayApplication        :51   [32m                  [0;39m Starting GatewayApplication using Java 17.0.12 with PID 19116 (D:\java\train\gateway\target\classes started by liming in D:\java\train)
2024-10-29 19:00:55.080 INFO  com.ming.train.gatewawy.GatewayApplication        :630  [32m                  [0;39m No active profile set, falling back to 1 default profile: "default"
2024-10-29 19:00:55.467 INFO  o.springframework.cloud.context.scope.GenericScope:282  [32m                  [0;39m BeanFactory id=390a6740-1f4b-371e-8b32-9ee7183f016d
2024-10-29 19:00:56.725 INFO  org.springframework.cloud.commons.util.InetUtils  :170  [32m                  [0;39m Cannot determine local hostname
2024-10-29 19:00:56.984 INFO  o.s.c.gateway.route.RouteDefinitionRouteLocator   :88   [32m                  [0;39m Loaded RoutePredicateFactory [After]
2024-10-29 19:00:56.984 INFO  o.s.c.gateway.route.RouteDefinitionRouteLocator   :88   [32m                  [0;39m Loaded RoutePredicateFactory [Before]
2024-10-29 19:00:56.985 INFO  o.s.c.gateway.route.RouteDefinitionRouteLocator   :88   [32m                  [0;39m Loaded RoutePredicateFactory [Between]
2024-10-29 19:00:56.985 INFO  o.s.c.gateway.route.RouteDefinitionRouteLocator   :88   [32m                  [0;39m Loaded RoutePredicateFactory [Cookie]
2024-10-29 19:00:56.985 INFO  o.s.c.gateway.route.RouteDefinitionRouteLocator   :88   [32m                  [0;39m Loaded RoutePredicateFactory [Header]
2024-10-29 19:00:56.985 INFO  o.s.c.gateway.route.RouteDefinitionRouteLocator   :88   [32m                  [0;39m Loaded RoutePredicateFactory [Host]
2024-10-29 19:00:56.985 INFO  o.s.c.gateway.route.RouteDefinitionRouteLocator   :88   [32m                  [0;39m Loaded RoutePredicateFactory [Method]
2024-10-29 19:00:56.985 INFO  o.s.c.gateway.route.RouteDefinitionRouteLocator   :88   [32m                  [0;39m Loaded RoutePredicateFactory [Path]
2024-10-29 19:00:56.985 INFO  o.s.c.gateway.route.RouteDefinitionRouteLocator   :88   [32m                  [0;39m Loaded RoutePredicateFactory [Query]
2024-10-29 19:00:56.985 INFO  o.s.c.gateway.route.RouteDefinitionRouteLocator   :88   [32m                  [0;39m Loaded RoutePredicateFactory [ReadBody]
2024-10-29 19:00:56.986 INFO  o.s.c.gateway.route.RouteDefinitionRouteLocator   :88   [32m                  [0;39m Loaded RoutePredicateFactory [RemoteAddr]
2024-10-29 19:00:56.986 INFO  o.s.c.gateway.route.RouteDefinitionRouteLocator   :88   [32m                  [0;39m Loaded RoutePredicateFactory [XForwardedRemoteAddr]
2024-10-29 19:00:56.986 INFO  o.s.c.gateway.route.RouteDefinitionRouteLocator   :88   [32m                  [0;39m Loaded RoutePredicateFactory [Weight]
2024-10-29 19:00:56.986 INFO  o.s.c.gateway.route.RouteDefinitionRouteLocator   :88   [32m                  [0;39m Loaded RoutePredicateFactory [CloudFoundryRouteService]
2024-10-29 19:00:58.128 INFO  org.springframework.cloud.commons.util.InetUtils  :170  [32m                  [0;39m Cannot determine local hostname
2024-10-29 19:00:58.281 INFO  o.s.boot.web.embedded.netty.NettyWebServer        :111  [32m                  [0;39m Netty started on port 8000
2024-10-29 19:00:59.322 INFO  org.springframework.cloud.commons.util.InetUtils  :170  [32m                  [0;39m Cannot determine local hostname
2024-10-29 19:01:00.386 INFO  org.springframework.cloud.commons.util.InetUtils  :170  [32m                  [0;39m Cannot determine local hostname
2024-10-29 19:01:00.465 INFO  com.ming.train.gatewawy.GatewayApplication        :57   [32m                  [0;39m Started GatewayApplication in 6.811 seconds (process running for 7.224)
2024-10-29 19:01:00.467 INFO  com.ming.train.gatewawy.GatewayApplication        :16   [32m                  [0;39m 启动成功！！
2024-10-29 19:01:00.467 INFO  com.ming.train.gatewawy.GatewayApplication        :17   [32m                  [0;39m 网关地址: 	http://127.0.0.1:8000
2024-10-29 19:01:11.528 INFO  reactor.netty.http.server.AccessLog               :279  [32m                  [0;39m 127.0.0.1 - - [29/10月/2024:19:01:10 +0800] "POST /member/member/register HTTP/1.1" 200 63 560
2024-10-29 19:01:17.865 INFO  reactor.netty.http.server.AccessLog               :279  [32m                  [0;39m 127.0.0.1 - - [29/10月/2024:19:01:17 +0800] "POST /member/member/register HTTP/1.1" 200 84 141
2024-10-29 19:06:44.170 INFO  org.hibernate.validator.internal.util.Version     :21   [32m                  [0;39m HV000001: Hibernate Validator 8.0.0.Final
2024-10-29 19:06:44.205 INFO  com.ming.train.gatewawy.GatewayApplication        :51   [32m                  [0;39m Starting GatewayApplication using Java 17.0.12 with PID 27140 (D:\java\train\gateway\target\classes started by liming in D:\java\train)
2024-10-29 19:06:44.208 INFO  com.ming.train.gatewawy.GatewayApplication        :630  [32m                  [0;39m No active profile set, falling back to 1 default profile: "default"
2024-10-29 19:06:44.683 INFO  o.springframework.cloud.context.scope.GenericScope:282  [32m                  [0;39m BeanFactory id=390a6740-1f4b-371e-8b32-9ee7183f016d
2024-10-29 19:06:45.964 INFO  org.springframework.cloud.commons.util.InetUtils  :170  [32m                  [0;39m Cannot determine local hostname
2024-10-29 19:06:46.278 INFO  o.s.c.gateway.route.RouteDefinitionRouteLocator   :88   [32m                  [0;39m Loaded RoutePredicateFactory [After]
2024-10-29 19:06:46.279 INFO  o.s.c.gateway.route.RouteDefinitionRouteLocator   :88   [32m                  [0;39m Loaded RoutePredicateFactory [Before]
2024-10-29 19:06:46.279 INFO  o.s.c.gateway.route.RouteDefinitionRouteLocator   :88   [32m                  [0;39m Loaded RoutePredicateFactory [Between]
2024-10-29 19:06:46.279 INFO  o.s.c.gateway.route.RouteDefinitionRouteLocator   :88   [32m                  [0;39m Loaded RoutePredicateFactory [Cookie]
2024-10-29 19:06:46.279 INFO  o.s.c.gateway.route.RouteDefinitionRouteLocator   :88   [32m                  [0;39m Loaded RoutePredicateFactory [Header]
2024-10-29 19:06:46.279 INFO  o.s.c.gateway.route.RouteDefinitionRouteLocator   :88   [32m                  [0;39m Loaded RoutePredicateFactory [Host]
2024-10-29 19:06:46.279 INFO  o.s.c.gateway.route.RouteDefinitionRouteLocator   :88   [32m                  [0;39m Loaded RoutePredicateFactory [Method]
2024-10-29 19:06:46.279 INFO  o.s.c.gateway.route.RouteDefinitionRouteLocator   :88   [32m                  [0;39m Loaded RoutePredicateFactory [Path]
2024-10-29 19:06:46.279 INFO  o.s.c.gateway.route.RouteDefinitionRouteLocator   :88   [32m                  [0;39m Loaded RoutePredicateFactory [Query]
2024-10-29 19:06:46.279 INFO  o.s.c.gateway.route.RouteDefinitionRouteLocator   :88   [32m                  [0;39m Loaded RoutePredicateFactory [ReadBody]
2024-10-29 19:06:46.279 INFO  o.s.c.gateway.route.RouteDefinitionRouteLocator   :88   [32m                  [0;39m Loaded RoutePredicateFactory [RemoteAddr]
2024-10-29 19:06:46.280 INFO  o.s.c.gateway.route.RouteDefinitionRouteLocator   :88   [32m                  [0;39m Loaded RoutePredicateFactory [XForwardedRemoteAddr]
2024-10-29 19:06:46.280 INFO  o.s.c.gateway.route.RouteDefinitionRouteLocator   :88   [32m                  [0;39m Loaded RoutePredicateFactory [Weight]
2024-10-29 19:06:46.280 INFO  o.s.c.gateway.route.RouteDefinitionRouteLocator   :88   [32m                  [0;39m Loaded RoutePredicateFactory [CloudFoundryRouteService]
2024-10-29 19:06:47.452 INFO  org.springframework.cloud.commons.util.InetUtils  :170  [32m                  [0;39m Cannot determine local hostname
2024-10-29 19:06:47.636 INFO  o.s.boot.web.embedded.netty.NettyWebServer        :111  [32m                  [0;39m Netty started on port 8000
2024-10-29 19:06:48.676 INFO  org.springframework.cloud.commons.util.InetUtils  :170  [32m                  [0;39m Cannot determine local hostname
2024-10-29 19:06:49.744 INFO  org.springframework.cloud.commons.util.InetUtils  :170  [32m                  [0;39m Cannot determine local hostname
2024-10-29 19:06:49.818 INFO  com.ming.train.gatewawy.GatewayApplication        :57   [32m                  [0;39m Started GatewayApplication in 7.131 seconds (process running for 7.628)
2024-10-29 19:06:49.821 INFO  com.ming.train.gatewawy.GatewayApplication        :16   [32m                  [0;39m 启动成功！！
2024-10-29 19:06:49.821 INFO  com.ming.train.gatewawy.GatewayApplication        :17   [32m                  [0;39m 网关地址: 	http://127.0.0.1:8000
2024-10-29 19:07:08.893 INFO  reactor.netty.http.server.AccessLog               :279  [32m                  [0;39m 127.0.0.1 - - [29/10月/2024:19:07:08 +0800] "POST /member/member/register HTTP/1.1" 200 55 872
2024-10-29 19:07:13.471 INFO  reactor.netty.http.server.AccessLog               :279  [32m                  [0;39m 127.0.0.1 - - [29/10月/2024:19:07:13 +0800] "POST /member/member/register HTTP/1.1" 200 84 37
2024-10-29 19:18:55.018 INFO  org.hibernate.validator.internal.util.Version     :21   [32m                  [0;39m HV000001: Hibernate Validator 8.0.0.Final
2024-10-29 19:18:55.047 INFO  com.ming.train.gatewawy.GatewayApplication        :51   [32m                  [0;39m Starting GatewayApplication using Java 17.0.12 with PID 32988 (D:\java\train\gateway\target\classes started by liming in D:\java\train)
2024-10-29 19:18:55.048 INFO  com.ming.train.gatewawy.GatewayApplication        :630  [32m                  [0;39m No active profile set, falling back to 1 default profile: "default"
2024-10-29 19:18:55.575 INFO  o.springframework.cloud.context.scope.GenericScope:282  [32m                  [0;39m BeanFactory id=390a6740-1f4b-371e-8b32-9ee7183f016d
2024-10-29 19:18:56.904 INFO  org.springframework.cloud.commons.util.InetUtils  :170  [32m                  [0;39m Cannot determine local hostname
2024-10-29 19:18:57.195 INFO  o.s.c.gateway.route.RouteDefinitionRouteLocator   :88   [32m                  [0;39m Loaded RoutePredicateFactory [After]
2024-10-29 19:18:57.196 INFO  o.s.c.gateway.route.RouteDefinitionRouteLocator   :88   [32m                  [0;39m Loaded RoutePredicateFactory [Before]
2024-10-29 19:18:57.196 INFO  o.s.c.gateway.route.RouteDefinitionRouteLocator   :88   [32m                  [0;39m Loaded RoutePredicateFactory [Between]
2024-10-29 19:18:57.196 INFO  o.s.c.gateway.route.RouteDefinitionRouteLocator   :88   [32m                  [0;39m Loaded RoutePredicateFactory [Cookie]
2024-10-29 19:18:57.196 INFO  o.s.c.gateway.route.RouteDefinitionRouteLocator   :88   [32m                  [0;39m Loaded RoutePredicateFactory [Header]
2024-10-29 19:18:57.196 INFO  o.s.c.gateway.route.RouteDefinitionRouteLocator   :88   [32m                  [0;39m Loaded RoutePredicateFactory [Host]
2024-10-29 19:18:57.196 INFO  o.s.c.gateway.route.RouteDefinitionRouteLocator   :88   [32m                  [0;39m Loaded RoutePredicateFactory [Method]
2024-10-29 19:18:57.196 INFO  o.s.c.gateway.route.RouteDefinitionRouteLocator   :88   [32m                  [0;39m Loaded RoutePredicateFactory [Path]
2024-10-29 19:18:57.196 INFO  o.s.c.gateway.route.RouteDefinitionRouteLocator   :88   [32m                  [0;39m Loaded RoutePredicateFactory [Query]
2024-10-29 19:18:57.196 INFO  o.s.c.gateway.route.RouteDefinitionRouteLocator   :88   [32m                  [0;39m Loaded RoutePredicateFactory [ReadBody]
2024-10-29 19:18:57.197 INFO  o.s.c.gateway.route.RouteDefinitionRouteLocator   :88   [32m                  [0;39m Loaded RoutePredicateFactory [RemoteAddr]
2024-10-29 19:18:57.197 INFO  o.s.c.gateway.route.RouteDefinitionRouteLocator   :88   [32m                  [0;39m Loaded RoutePredicateFactory [XForwardedRemoteAddr]
2024-10-29 19:18:57.197 INFO  o.s.c.gateway.route.RouteDefinitionRouteLocator   :88   [32m                  [0;39m Loaded RoutePredicateFactory [Weight]
2024-10-29 19:18:57.197 INFO  o.s.c.gateway.route.RouteDefinitionRouteLocator   :88   [32m                  [0;39m Loaded RoutePredicateFactory [CloudFoundryRouteService]
2024-10-29 19:18:58.370 INFO  org.springframework.cloud.commons.util.InetUtils  :170  [32m                  [0;39m Cannot determine local hostname
2024-10-29 19:18:58.577 INFO  o.s.boot.web.embedded.netty.NettyWebServer        :111  [32m                  [0;39m Netty started on port 8000
2024-10-29 19:18:59.614 INFO  org.springframework.cloud.commons.util.InetUtils  :170  [32m                  [0;39m Cannot determine local hostname
2024-10-29 19:19:00.652 INFO  org.springframework.cloud.commons.util.InetUtils  :170  [32m                  [0;39m Cannot determine local hostname
2024-10-29 19:19:00.684 INFO  com.ming.train.gatewawy.GatewayApplication        :57   [32m                  [0;39m Started GatewayApplication in 7.243 seconds (process running for 7.97)
2024-10-29 19:19:00.686 INFO  com.ming.train.gatewawy.GatewayApplication        :16   [32m                  [0;39m 启动成功！！
2024-10-29 19:19:00.687 INFO  com.ming.train.gatewawy.GatewayApplication        :17   [32m                  [0;39m 网关地址: 	http://127.0.0.1:8000
2024-10-29 19:19:12.895 INFO  reactor.netty.http.server.AccessLog               :279  [32m                  [0;39m 127.0.0.1 - - [29/10月/2024:19:19:12 +0800] "GET /member/member/count HTTP/1.1" 200 43 725
2024-10-29 19:19:19.643 INFO  reactor.netty.http.server.AccessLog               :279  [32m                  [0;39m 127.0.0.1 - - [29/10月/2024:19:19:19 +0800] "POST /member/member/register HTTP/1.1" 200 61 206
2024-10-29 19:19:25.474 INFO  reactor.netty.http.server.AccessLog               :279  [32m                  [0;39m 127.0.0.1 - - [29/10月/2024:19:19:25 +0800] "POST /member/member/register HTTP/1.1" 200 61 78
